app/build/outputs/logs/manifest-merger-debug-report.txt
-- Merging decision tree log ---
manifest
ADDED from src/main/AndroidManifest.xml:3:1-270:12
	package
		ADDED from src/main/AndroidManifest.xml:4:11-41
		INJECTED from src/main/AndroidManifest.xml
		INJECTED from src/main/AndroidManifest.xml
	android:versionName
		ADDED from src/main/AndroidManifest.xml:6:11-38
		INJECTED from src/main/AndroidManifest.xml
		INJECTED from src/main/AndroidManifest.xml
	android:versionCode
		ADDED from src/main/AndroidManifest.xml:5:11-36
		INJECTED from src/main/AndroidManifest.xml
		INJECTED from src/main/AndroidManifest.xml
	xmlns:android
		ADDED from src/main/AndroidManifest.xml:3:11-69
uses-sdk
ADDED from src/main/AndroidManifest.xml:7:5-73
MERGED from [com.android.support:support-v4:22.2.1] AndroidManifest.xml:20:5-43
	android:targetSdkVersion
		ADDED from src/main/AndroidManifest.xml:7:42-71
		INJECTED from src/main/AndroidManifest.xml
		INJECTED from src/main/AndroidManifest.xml
	android:minSdkVersion
		ADDED from src/main/AndroidManifest.xml:7:15-41
		INJECTED from src/main/AndroidManifest.xml
		INJECTED from src/main/AndroidManifest.xml
uses-permission#android.permission.INTERNET
ADDED from src/main/AndroidManifest.xml:10:5-67
	android:name
		ADDED from src/main/AndroidManifest.xml:10:22-64
uses-permission#android.permission.READ_PHONE_STATE
ADDED from src/main/AndroidManifest.xml:11:5-75
	android:name
		ADDED from src/main/AndroidManifest.xml:11:22-72
uses-permission#android.permission.ACCESS_NETWORK_STATE
ADDED from src/main/AndroidManifest.xml:12:5-79
	android:name
		ADDED from src/main/AndroidManifest.xml:12:22-76
uses-permission#android.permission.CHANGE_WIFI_STATE
ADDED from src/main/AndroidManifest.xml:13:5-76
	android:name
		ADDED from src/main/AndroidManifest.xml:13:22-73
uses-permission#android.permission.ACCESS_WIFI_STATE
ADDED from src/main/AndroidManifest.xml:14:5-76
	android:name
		ADDED from src/main/AndroidManifest.xml:14:22-73
uses-permission#android.permission.WAKE_LOCK
ADDED from src/main/AndroidManifest.xml:15:5-68
	android:name
		ADDED from src/main/AndroidManifest.xml:15:22-65
uses-permission#android.permission.RECEIVE_BOOT_COMPLETED
ADDED from src/main/AndroidManifest.xml:16:5-81
	android:name
		ADDED from src/main/AndroidManifest.xml:16:22-78
uses-permission#android.permission.WRITE_EXTERNAL_STORAGE
ADDED from src/main/AndroidManifest.xml:17:5-81
	android:name
		ADDED from src/main/AndroidManifest.xml:17:22-78
uses-permission#android.permission.VIBRATE
ADDED from src/main/AndroidManifest.xml:18:5-66
	android:name
		ADDED from src/main/AndroidManifest.xml:18:22-63
uses-permission#android.permission.GET_TASKS
ADDED from src/main/AndroidManifest.xml:19:5-68
	android:name
		ADDED from src/main/AndroidManifest.xml:19:22-65
uses-permission#android.permission.SYSTEM_ALERT_WINDOW
ADDED from src/main/AndroidManifest.xml:28:5-77
	android:name
		ADDED from src/main/AndroidManifest.xml:28:22-75
uses-permission#getui.permission.GetuiService.com.yeepbank.android
ADDED from src/main/AndroidManifest.xml:30:5-90
	android:name
		ADDED from src/main/AndroidManifest.xml:30:22-87
permission#getui.permission.GetuiService.com.yeepbank.android
ADDED from src/main/AndroidManifest.xml:32:5-35:18
	android:protectionLevel
		ADDED from src/main/AndroidManifest.xml:34:13-45
	android:name
		ADDED from src/main/AndroidManifest.xml:33:13-78
uses-permission#android.permission.BLUETOOTH
ADDED from src/main/AndroidManifest.xml:39:5-68
	android:name
		ADDED from src/main/AndroidManifest.xml:39:22-65
uses-permission#android.permission.BLUETOOTH_ADMIN
ADDED from src/main/AndroidManifest.xml:40:5-74
	android:name
		ADDED from src/main/AndroidManifest.xml:40:22-71
uses-permission#android.permission.ACCESS_FINE_LOCATION
ADDED from src/main/AndroidManifest.xml:43:5-78
	android:name
		ADDED from src/main/AndroidManifest.xml:43:22-76
uses-permission#android.permission.ACCESS_COARSE_LOCATION
ADDED from src/main/AndroidManifest.xml:44:5-81
	android:name
		ADDED from src/main/AndroidManifest.xml:44:22-78
uses-permission#android.permission.CHANGE_WIFI_MULTICAST_STATE
ADDED from src/main/AndroidManifest.xml:51:5-86
	android:name
		ADDED from src/main/AndroidManifest.xml:51:22-83
uses-permission#ANDROID.PERMISSION.CHANGE_WIFI_STATE
ADDED from src/main/AndroidManifest.xml:52:5-75
	android:name
		ADDED from src/main/AndroidManifest.xml:52:22-73
uses-permission#android.permission.CALL_PHONE
ADDED from src/main/AndroidManifest.xml:54:5-68
	android:name
		ADDED from src/main/AndroidManifest.xml:54:22-66
application
ADDED from src/main/AndroidManifest.xml:55:5-268:19
MERGED from [com.android.support:support-v4:22.2.1] AndroidManifest.xml:22:5-20
	android:label
		ADDED from src/main/AndroidManifest.xml:55:18-50
	android:icon
		ADDED from src/main/AndroidManifest.xml:56:18-52
	android:persistent
		ADDED from src/main/AndroidManifest.xml:59:18-43
	android:theme
		ADDED from src/main/AndroidManifest.xml:57:18-80
	android:name
		ADDED from src/main/AndroidManifest.xml:58:17-53
activity#com.yeepbank.android.LaunchActivity
ADDED from src/main/AndroidManifest.xml:62:9-69:20
	android:screenOrientation
		ADDED from src/main/AndroidManifest.xml:63:19-55
	android:label
		ADDED from src/main/AndroidManifest.xml:64:19-51
	android:name
		ADDED from src/main/AndroidManifest.xml:62:19-49
intent-filter#android.intent.action.MAIN+android.intent.category.LAUNCHER
ADDED from src/main/AndroidManifest.xml:65:13-68:29
action#android.intent.action.MAIN
ADDED from src/main/AndroidManifest.xml:66:17-68
	android:name
		ADDED from src/main/AndroidManifest.xml:66:25-66
category#android.intent.category.LAUNCHER
ADDED from src/main/AndroidManifest.xml:67:17-76
	android:name
		ADDED from src/main/AndroidManifest.xml:67:27-74
activity#com.yeepbank.android.GuideActivity
ADDED from src/main/AndroidManifest.xml:70:9-71
	android:label
		ADDED from src/main/AndroidManifest.xml:70:49-69
	android:name
		ADDED from src/main/AndroidManifest.xml:70:19-48
activity#com.yeepbank.android.activity.business.HomeActivity
ADDED from src/main/AndroidManifest.xml:71:9-120
	android:label
		ADDED from src/main/AndroidManifest.xml:71:66-86
	android:launchMode
		ADDED from src/main/AndroidManifest.xml:71:87-118
	android:name
		ADDED from src/main/AndroidManifest.xml:71:19-65
activity#com.yeepbank.android.activity.user.ForgetActivity
ADDED from src/main/AndroidManifest.xml:72:9-86
	android:label
		ADDED from src/main/AndroidManifest.xml:72:64-84
	android:name
		ADDED from src/main/AndroidManifest.xml:72:19-63
activity#com.yeepbank.android.activity.business.ProjectDetailActivity
ADDED from src/main/AndroidManifest.xml:73:9-97
	android:label
		ADDED from src/main/AndroidManifest.xml:73:75-95
	android:name
		ADDED from src/main/AndroidManifest.xml:73:19-74
activity#com.yeepbank.android.activity.business.SecKillActivity
ADDED from src/main/AndroidManifest.xml:74:9-89
	android:label
		ADDED from src/main/AndroidManifest.xml:74:69-87
	android:name
		ADDED from src/main/AndroidManifest.xml:74:19-68
activity#com.yeepbank.android.activity.business.RecommendProjectActivity
ADDED from src/main/AndroidManifest.xml:75:9-100
	android:label
		ADDED from src/main/AndroidManifest.xml:75:78-98
	android:name
		ADDED from src/main/AndroidManifest.xml:75:19-77
activity#com.yeepbank.android.activity.setting.SettingListActivity
ADDED from src/main/AndroidManifest.xml:76:9-92
	android:label
		ADDED from src/main/AndroidManifest.xml:76:72-90
	android:name
		ADDED from src/main/AndroidManifest.xml:76:19-71
activity#com.yeepbank.android.activity.account.WithDrawalActivity
ADDED from src/main/AndroidManifest.xml:77:9-91
	android:label
		ADDED from src/main/AndroidManifest.xml:77:71-89
	android:name
		ADDED from src/main/AndroidManifest.xml:77:19-70
activity#com.yeepbank.android.activity.account.RechargeActivity
ADDED from src/main/AndroidManifest.xml:78:9-89
	android:label
		ADDED from src/main/AndroidManifest.xml:78:69-87
	android:name
		ADDED from src/main/AndroidManifest.xml:78:19-68
activity#com.yeepbank.android.activity.business.InvestSureActivity
ADDED from src/main/AndroidManifest.xml:79:9-94
	android:label
		ADDED from src/main/AndroidManifest.xml:79:72-92
	android:name
		ADDED from src/main/AndroidManifest.xml:79:19-71
activity#com.yeepbank.android.activity.setting.AccountAndSecurityActivity
ADDED from src/main/AndroidManifest.xml:80:9-102
	android:label
		ADDED from src/main/AndroidManifest.xml:80:79-100
	android:name
		ADDED from src/main/AndroidManifest.xml:80:19-78
activity#com.yeepbank.android.activity.setting.AdviceFeedbackActivity
ADDED from src/main/AndroidManifest.xml:81:9-97
	android:label
		ADDED from src/main/AndroidManifest.xml:81:75-95
	android:name
		ADDED from src/main/AndroidManifest.xml:81:19-74
activity#com.yeepbank.android.activity.setting.AboutYeepActivity
ADDED from src/main/AndroidManifest.xml:82:9-94
	android:label
		ADDED from src/main/AndroidManifest.xml:82:70-92
	android:name
		ADDED from src/main/AndroidManifest.xml:82:19-69
activity#com.yeepbank.android.activity.setting.UpdateTradePasswordActivity
ADDED from src/main/AndroidManifest.xml:83:9-137
	android:windowSoftInputMode
		ADDED from src/main/AndroidManifest.xml:83:80-135
	android:name
		ADDED from src/main/AndroidManifest.xml:83:19-79
activity#com.yeepbank.android.activity.setting.RealNameAuthenticationActivity
ADDED from src/main/AndroidManifest.xml:84:9-105
	android:label
		ADDED from src/main/AndroidManifest.xml:84:83-103
	android:name
		ADDED from src/main/AndroidManifest.xml:84:19-82
activity#com.yeepbank.android.activity.setting.ExchangeInvestmentActivity
ADDED from src/main/AndroidManifest.xml:85:9-158
	android:label
		ADDED from src/main/AndroidManifest.xml:85:79-100
	android:windowSoftInputMode
		ADDED from src/main/AndroidManifest.xml:85:101-156
	android:name
		ADDED from src/main/AndroidManifest.xml:85:19-78
activity#com.yeepbank.android.activity.setting.UpdateLoginPasswordActivity
ADDED from src/main/AndroidManifest.xml:86:9-160
	android:label
		ADDED from src/main/AndroidManifest.xml:86:80-102
	android:windowSoftInputMode
		ADDED from src/main/AndroidManifest.xml:86:103-158
	android:name
		ADDED from src/main/AndroidManifest.xml:86:19-79
activity#com.yeepbank.android.activity.setting.RecommendCodeActivity
ADDED from src/main/AndroidManifest.xml:87:9-95
	android:label
		ADDED from src/main/AndroidManifest.xml:87:74-93
	android:name
		ADDED from src/main/AndroidManifest.xml:87:19-73
activity#com.yeepbank.android.activity.setting.InvestmentRecordActivity
ADDED from src/main/AndroidManifest.xml:88:9-99
	android:label
		ADDED from src/main/AndroidManifest.xml:88:77-97
	android:name
		ADDED from src/main/AndroidManifest.xml:88:19-76
activity#com.yeepbank.android.activity.user.AssetsRatioActivity
ADDED from src/main/AndroidManifest.xml:89:9-91
	android:label
		ADDED from src/main/AndroidManifest.xml:89:69-89
	android:name
		ADDED from src/main/AndroidManifest.xml:89:19-68
activity#com.yeepbank.android.activity.business.TransformActivity
ADDED from src/main/AndroidManifest.xml:90:9-93
	android:label
		ADDED from src/main/AndroidManifest.xml:90:71-91
	android:name
		ADDED from src/main/AndroidManifest.xml:90:19-70
activity#com.yeepbank.android.activity.business.TurnoutActivity
ADDED from src/main/AndroidManifest.xml:91:9-89
	android:label
		ADDED from src/main/AndroidManifest.xml:91:69-87
	android:name
		ADDED from src/main/AndroidManifest.xml:91:19-68
activity#com.yeepbank.android.activity.business.PurchaseActivity
ADDED from src/main/AndroidManifest.xml:92:9-130
	android:label
		ADDED from src/main/AndroidManifest.xml:92:70-88
	android:windowSoftInputMode
		ADDED from src/main/AndroidManifest.xml:92:89-128
	android:name
		ADDED from src/main/AndroidManifest.xml:92:19-69
activity#com.yeepbank.android.activity.user.BankListActivity
ADDED from src/main/AndroidManifest.xml:93:9-87
	android:label
		ADDED from src/main/AndroidManifest.xml:93:66-85
	android:name
		ADDED from src/main/AndroidManifest.xml:93:19-65
activity#com.yeepbank.android.activity.user.AddNewBankCardActivity
ADDED from src/main/AndroidManifest.xml:94:9-95
	android:label
		ADDED from src/main/AndroidManifest.xml:94:72-93
	android:name
		ADDED from src/main/AndroidManifest.xml:94:19-71
activity#com.yeepbank.android.activity.setting.ForgetPasswordActivity
ADDED from src/main/AndroidManifest.xml:95:9-153
	android:label
		ADDED from src/main/AndroidManifest.xml:95:75-95
	android:windowSoftInputMode
		ADDED from src/main/AndroidManifest.xml:95:96-151
	android:name
		ADDED from src/main/AndroidManifest.xml:95:19-74
activity#com.yeepbank.android.activity.setting.CouponsActivity
ADDED from src/main/AndroidManifest.xml:96:9-89
	android:label
		ADDED from src/main/AndroidManifest.xml:96:68-87
	android:name
		ADDED from src/main/AndroidManifest.xml:96:19-67
activity#com.yeepbank.android.activity.setting.ForgetTradePasswordActivity
ADDED from src/main/AndroidManifest.xml:97:9-81
	android:name
		ADDED from src/main/AndroidManifest.xml:97:19-79
activity#com.yeepbank.android.activity.user.WebActivity
ADDED from src/main/AndroidManifest.xml:98:9-79
	android:label
		ADDED from src/main/AndroidManifest.xml:98:61-77
	android:name
		ADDED from src/main/AndroidManifest.xml:98:19-60
activity#com.yeepbank.android.activity.user.RunningAccountActivity
ADDED from src/main/AndroidManifest.xml:99:9-94
	android:label
		ADDED from src/main/AndroidManifest.xml:99:72-92
	android:name
		ADDED from src/main/AndroidManifest.xml:99:19-71
activity#com.yeepbank.android.activity.account.PayByCardForRechargeActivity
ADDED from src/main/AndroidManifest.xml:100:9-103
	android:label
		ADDED from src/main/AndroidManifest.xml:100:81-101
	android:name
		ADDED from src/main/AndroidManifest.xml:100:19-80
activity#com.yeepbank.android.activity.setting.AcceptPushSettingActivity
ADDED from src/main/AndroidManifest.xml:101:9-102
	android:label
		ADDED from src/main/AndroidManifest.xml:101:78-100
	android:name
		ADDED from src/main/AndroidManifest.xml:101:19-77
activity#cn.com.kuaishua.sdk.activity.TYPosConnectActivity
ADDED from src/main/AndroidManifest.xml:104:9-109:20
	android:screenOrientation
		ADDED from src/main/AndroidManifest.xml:108:17-53
	android:label
		ADDED from src/main/AndroidManifest.xml:106:17-49
	android:launchMode
		ADDED from src/main/AndroidManifest.xml:107:17-47
	android:name
		ADDED from src/main/AndroidManifest.xml:105:17-81
activity#cn.com.kuaishua.sdk.activity.TYPosPayCardActivity
ADDED from src/main/AndroidManifest.xml:110:9-115:20
	android:screenOrientation
		ADDED from src/main/AndroidManifest.xml:114:17-53
	android:label
		ADDED from src/main/AndroidManifest.xml:112:17-49
	android:launchMode
		ADDED from src/main/AndroidManifest.xml:113:17-47
	android:name
		ADDED from src/main/AndroidManifest.xml:111:17-81
activity#cn.com.kuaishua.sdk.activity.TradeActivity
ADDED from src/main/AndroidManifest.xml:116:9-122:20
	android:screenOrientation
		ADDED from src/main/AndroidManifest.xml:120:17-53
	android:label
		ADDED from src/main/AndroidManifest.xml:118:17-49
	android:launchMode
		ADDED from src/main/AndroidManifest.xml:119:17-47
	android:theme
		ADDED from src/main/AndroidManifest.xml:121:17-76
	android:name
		ADDED from src/main/AndroidManifest.xml:117:17-74
activity#cn.com.kuaishua.sdk.activity.SignatureActivity
ADDED from src/main/AndroidManifest.xml:123:9-128:20
	android:screenOrientation
		ADDED from src/main/AndroidManifest.xml:127:17-53
	android:label
		ADDED from src/main/AndroidManifest.xml:125:17-49
	android:launchMode
		ADDED from src/main/AndroidManifest.xml:126:17-47
	android:name
		ADDED from src/main/AndroidManifest.xml:124:17-78
activity#cn.com.kuaishua.sdk.activity.PayActivity
ADDED from src/main/AndroidManifest.xml:129:9-135:20
	android:screenOrientation
		ADDED from src/main/AndroidManifest.xml:133:17-53
	android:label
		ADDED from src/main/AndroidManifest.xml:131:17-49
	android:launchMode
		ADDED from src/main/AndroidManifest.xml:132:17-47
	android:theme
		ADDED from src/main/AndroidManifest.xml:134:17-58
	android:name
		ADDED from src/main/AndroidManifest.xml:130:17-72
activity#cn.com.kuaishua.sdk.activity.PosInputPassWordDialog
ADDED from src/main/AndroidManifest.xml:136:9-147:20
	android:screenOrientation
		ADDED from src/main/AndroidManifest.xml:140:17-53
	android:label
		ADDED from src/main/AndroidManifest.xml:138:17-49
	android:launchMode
		ADDED from src/main/AndroidManifest.xml:139:17-47
	android:theme
		ADDED from src/main/AndroidManifest.xml:141:17-53
	android:name
		ADDED from src/main/AndroidManifest.xml:137:17-83
intent-filter#android.intent.action.MAIN+android.intent.category.SAMPLE_CODE
ADDED from src/main/AndroidManifest.xml:142:13-146:29
category#android.intent.category.SAMPLE_CODE
ADDED from src/main/AndroidManifest.xml:145:17-80
	android:name
		ADDED from src/main/AndroidManifest.xml:145:27-77
activity#com.yeepbank.android.activity.account.CancelOrderActivity
ADDED from src/main/AndroidManifest.xml:148:9-150:55
	android:label
		ADDED from src/main/AndroidManifest.xml:149:19-39
	android:theme
		ADDED from src/main/AndroidManifest.xml:150:19-53
	android:name
		ADDED from src/main/AndroidManifest.xml:148:19-71
activity#com.yeepbank.android.activity.account.OrderResultActivity
ADDED from src/main/AndroidManifest.xml:151:9-96
	android:label
		ADDED from src/main/AndroidManifest.xml:151:72-94
	android:name
		ADDED from src/main/AndroidManifest.xml:151:19-71
activity#com.yeepbank.android.wxapi.WXEntryActivity
ADDED from src/main/AndroidManifest.xml:155:9-83
	android:exported
		ADDED from src/main/AndroidManifest.xml:155:57-80
	android:name
		ADDED from src/main/AndroidManifest.xml:155:19-56
service#com.yeepbank.android.UpdateService
ADDED from src/main/AndroidManifest.xml:156:9-160:19
	android:name
		ADDED from src/main/AndroidManifest.xml:156:18-47
intent-filter#com.yeepbank.android
ADDED from src/main/AndroidManifest.xml:157:13-159:29
action#com.yeepbank.android
ADDED from src/main/AndroidManifest.xml:158:17-62
	android:name
		ADDED from src/main/AndroidManifest.xml:158:25-60
service#com.yeepbank.android.WebSocketService
ADDED from src/main/AndroidManifest.xml:161:9-165:19
	android:name
		ADDED from src/main/AndroidManifest.xml:161:18-50
intent-filter#com.yeepbank.android.websocket
ADDED from src/main/AndroidManifest.xml:162:13-164:29
action#com.yeepbank.android.websocket
ADDED from src/main/AndroidManifest.xml:163:17-72
	android:name
		ADDED from src/main/AndroidManifest.xml:163:25-70
receiver#com.yeepbank.android.push.MessageReceiver
ADDED from src/main/AndroidManifest.xml:169:9-174:20
	android:exported
		ADDED from src/main/AndroidManifest.xml:170:19-43
	android:name
		ADDED from src/main/AndroidManifest.xml:169:19-55
intent-filter#com.igexin.sdk.action.eUkbu6lcTNAk48Gb82qks9
ADDED from src/main/AndroidManifest.xml:171:13-173:29
action#com.igexin.sdk.action.eUkbu6lcTNAk48Gb82qks9
ADDED from src/main/AndroidManifest.xml:172:17-87
	android:name
		ADDED from src/main/AndroidManifest.xml:172:25-84
meta-data#PUSH_APPID
ADDED from src/main/AndroidManifest.xml:178:9-180:58
	android:value
		ADDED from src/main/AndroidManifest.xml:180:17-55
	android:name
		ADDED from src/main/AndroidManifest.xml:179:17-42
meta-data#PUSH_APPKEY
ADDED from src/main/AndroidManifest.xml:181:9-183:58
	android:value
		ADDED from src/main/AndroidManifest.xml:183:17-55
	android:name
		ADDED from src/main/AndroidManifest.xml:182:17-43
meta-data#PUSH_APPSECRET
ADDED from src/main/AndroidManifest.xml:184:9-186:58
	android:value
		ADDED from src/main/AndroidManifest.xml:186:17-55
	android:name
		ADDED from src/main/AndroidManifest.xml:185:17-46
service#com.igexin.sdk.PushService
ADDED from src/main/AndroidManifest.xml:188:9-192:50
	android:process
		ADDED from src/main/AndroidManifest.xml:192:17-47
	android:label
		ADDED from src/main/AndroidManifest.xml:191:17-51
	android:exported
		ADDED from src/main/AndroidManifest.xml:190:17-40
	android:name
		ADDED from src/main/AndroidManifest.xml:189:17-58
service#com.igexin.sdk.PushServiceUser
ADDED from src/main/AndroidManifest.xml:193:9-196:58
	android:label
		ADDED from src/main/AndroidManifest.xml:196:17-55
	android:exported
		ADDED from src/main/AndroidManifest.xml:195:17-40
	android:name
		ADDED from src/main/AndroidManifest.xml:194:17-62
receiver#com.igexin.sdk.PushReceiver
ADDED from src/main/AndroidManifest.xml:197:9-208:20
	android:name
		ADDED from src/main/AndroidManifest.xml:197:19-61
intent-filter#android.intent.action.ACTION_POWER_CONNECTED+android.intent.action.ACTION_POWER_DISCONNECTED+android.intent.action.BOOT_COMPLETED+android.intent.action.MEDIA_MOUNTED+android.intent.action.USER_PRESENT+android.net.conn.CONNECTIVITY_CHANGE+com.igexin.sdk.action.refreshls
ADDED from src/main/AndroidManifest.xml:198:13-207:29
action#android.intent.action.BOOT_COMPLETED
ADDED from src/main/AndroidManifest.xml:199:17-79
	android:name
		ADDED from src/main/AndroidManifest.xml:199:25-76
action#android.net.conn.CONNECTIVITY_CHANGE
ADDED from src/main/AndroidManifest.xml:200:17-79
	android:name
		ADDED from src/main/AndroidManifest.xml:200:25-76
action#android.intent.action.USER_PRESENT
ADDED from src/main/AndroidManifest.xml:201:17-77
	android:name
		ADDED from src/main/AndroidManifest.xml:201:25-74
action#com.igexin.sdk.action.refreshls
ADDED from src/main/AndroidManifest.xml:202:17-74
	android:name
		ADDED from src/main/AndroidManifest.xml:202:25-71
action#android.intent.action.MEDIA_MOUNTED
ADDED from src/main/AndroidManifest.xml:204:17-78
	android:name
		ADDED from src/main/AndroidManifest.xml:204:25-75
action#android.intent.action.ACTION_POWER_CONNECTED
ADDED from src/main/AndroidManifest.xml:205:17-87
	android:name
		ADDED from src/main/AndroidManifest.xml:205:25-84
action#android.intent.action.ACTION_POWER_DISCONNECTED
ADDED from src/main/AndroidManifest.xml:206:17-90
	android:name
		ADDED from src/main/AndroidManifest.xml:206:25-87
receiver#com.igexin.sdk.PushManagerReceiver
ADDED from src/main/AndroidManifest.xml:209:9-215:20
	android:exported
		ADDED from src/main/AndroidManifest.xml:211:17-41
	android:name
		ADDED from src/main/AndroidManifest.xml:210:17-66
intent-filter#com.igexin.sdk.action.pushmanager
ADDED from src/main/AndroidManifest.xml:212:13-214:29
action#com.igexin.sdk.action.pushmanager
ADDED from src/main/AndroidManifest.xml:213:17-76
	android:name
		ADDED from src/main/AndroidManifest.xml:213:25-73
activity#com.igexin.sdk.PushActivity
ADDED from src/main/AndroidManifest.xml:216:9-222:79
	android:process
		ADDED from src/main/AndroidManifest.xml:220:17-47
	android:excludeFromRecents
		ADDED from src/main/AndroidManifest.xml:218:17-50
	android:exported
		ADDED from src/main/AndroidManifest.xml:219:17-41
	android:theme
		ADDED from src/main/AndroidManifest.xml:222:17-76
	android:taskAffinity
		ADDED from src/main/AndroidManifest.xml:221:17-71
	android:name
		ADDED from src/main/AndroidManifest.xml:217:17-59
activity#com.igexin.sdk.GActivity
ADDED from src/main/AndroidManifest.xml:223:9-229:79
	android:process
		ADDED from src/main/AndroidManifest.xml:227:17-47
	android:excludeFromRecents
		ADDED from src/main/AndroidManifest.xml:225:17-50
	android:exported
		ADDED from src/main/AndroidManifest.xml:226:17-40
	android:theme
		ADDED from src/main/AndroidManifest.xml:229:17-76
	android:taskAffinity
		ADDED from src/main/AndroidManifest.xml:228:17-71
	android:name
		ADDED from src/main/AndroidManifest.xml:224:17-56
service#com.igexin.download.DownloadService
ADDED from src/main/AndroidManifest.xml:230:9-232:50
	android:process
		ADDED from src/main/AndroidManifest.xml:232:17-47
	android:name
		ADDED from src/main/AndroidManifest.xml:231:17-67
receiver#com.igexin.download.DownloadReceiver
ADDED from src/main/AndroidManifest.xml:233:9-237:20
	android:name
		ADDED from src/main/AndroidManifest.xml:233:19-70
intent-filter#android.net.conn.CONNECTIVITY_CHANGE
ADDED from src/main/AndroidManifest.xml:234:13-236:29
provider#com.igexin.download.DownloadProvider
ADDED from src/main/AndroidManifest.xml:241:9-245:42
	android:authorities
		ADDED from src/main/AndroidManifest.xml:243:9-61
	android:process
		ADDED from src/main/AndroidManifest.xml:245:9-39
	android:exported
		ADDED from src/main/AndroidManifest.xml:244:9-32
	android:name
		ADDED from src/main/AndroidManifest.xml:242:17-68
activity#com.igexin.getuiext.activity.GetuiExtActivity
ADDED from src/main/AndroidManifest.xml:247:9-254:79
	android:process
		ADDED from src/main/AndroidManifest.xml:252:17-47
	android:excludeFromRecents
		ADDED from src/main/AndroidManifest.xml:250:17-50
	android:exported
		ADDED from src/main/AndroidManifest.xml:251:17-41
	android:configChanges
		ADDED from src/main/AndroidManifest.xml:249:17-76
	android:theme
		ADDED from src/main/AndroidManifest.xml:254:17-76
	android:taskAffinity
		ADDED from src/main/AndroidManifest.xml:253:17-66
	android:name
		ADDED from src/main/AndroidManifest.xml:248:17-77
receiver#com.igexin.getuiext.service.PayloadReceiver
ADDED from src/main/AndroidManifest.xml:255:9-263:20
	android:exported
		ADDED from src/main/AndroidManifest.xml:257:17-41
	android:name
		ADDED from src/main/AndroidManifest.xml:256:17-75
intent-filter#com.igexin.sdk.action.7fjUl2Z3LH6xYy7NQK4ni4+com.igexin.sdk.action.eUkbu6lcTNAk48Gb82qks9
ADDED from src/main/AndroidManifest.xml:258:13-262:29
action#com.igexin.sdk.action.7fjUl2Z3LH6xYy7NQK4ni4
ADDED from src/main/AndroidManifest.xml:259:17-87
	android:name
		ADDED from src/main/AndroidManifest.xml:259:25-84
service#com.igexin.getuiext.service.GetuiExtService
ADDED from src/main/AndroidManifest.xml:264:9-266:50
	android:process
		ADDED from src/main/AndroidManifest.xml:266:17-47
	android:name
		ADDED from src/main/AndroidManifest.xml:265:17-75